16:49:03 **** Incremental Build of configuration Debug for project led_blink ****
make all 
make --no-print-directory pre-build
a9-linaro-pre-build-step
 
make --no-print-directory main-build
Building file: ../src/helloworld.c
Invoking: ARM v7 gcc compiler
arm-none-eabi-gcc -Wall -O0 -g3 -c -fmessage-length=0 -MT"src/helloworld.o" -mcpu=cortex-a9 -mfpu=vfpv3 -mfloat-abi=hard -I/home/nick/ECEC402/workspace/system_wrapper/export/system_wrapper/sw/system_wrapper/standalone_ps7_cortexa9_0/bspinclude/include -MMD -MP -MF"src/helloworld.d" -MT"src/helloworld.o" -o "src/helloworld.o" "../src/helloworld.c"
../src/helloworld.c: In function 'IntcInit':
../src/helloworld.c:64:32: error: 'XPAR_FABRIC_AXI_GPIO_0_IP2INTC_IRPT_INTR' undeclared (first use in this function)
   64 | #define INTC_GPIO_INTERRUPT_ID XPAR_FABRIC_AXI_GPIO_0_IP2INTC_IRPT_INTR
      |                                ^~~~~~~~~~~~~~~~~~~~~~~~~~~~~~~~~~~~~~~~
../src/helloworld.c:64:32: note: in definition of macro 'INTC_GPIO_INTERRUPT_ID'
   64 | #define INTC_GPIO_INTERRUPT_ID XPAR_FABRIC_AXI_GPIO_0_IP2INTC_IRPT_INTR
      |                                ^~~~~~~~~~~~~~~~~~~~~~~~~~~~~~~~~~~~~~~~
../src/helloworld.c:64:32: note: each undeclared identifier is reported only once for each function it appears in
   64 | #define INTC_GPIO_INTERRUPT_ID XPAR_FABRIC_AXI_GPIO_0_IP2INTC_IRPT_INTR
      |                                ^~~~~~~~~~~~~~~~~~~~~~~~~~~~~~~~~~~~~~~~
../src/helloworld.c:64:32: note: in definition of macro 'INTC_GPIO_INTERRUPT_ID'
   64 | #define INTC_GPIO_INTERRUPT_ID XPAR_FABRIC_AXI_GPIO_0_IP2INTC_IRPT_INTR
      |                                ^~~~~~~~~~~~~~~~~~~~~~~~~~~~~~~~~~~~~~~~
make[1]: *** [src/subdir.mk:26: src/helloworld.o] Error 1
make: *** [makefile:34: all] Error 2

16:49:03 Build Finished (took 293ms)

