
*** Running vivado
    with args -log system_wrapper.vdi -applog -m64 -product Vivado -messageDb vivado.pb -mode batch -source system_wrapper.tcl -notrace


****** Vivado v2020.2 (64-bit)
  **** SW Build 3064766 on Wed Nov 18 09:12:47 MST 2020
  **** IP Build 3064653 on Wed Nov 18 14:17:31 MST 2020
    ** Copyright 1986-2020 Xilinx, Inc. All Rights Reserved.

source system_wrapper.tcl -notrace
INFO: [IP_Flow 19-234] Refreshing IP repositories
INFO: [IP_Flow 19-1704] No user IP repositories specified
INFO: [IP_Flow 19-2313] Loaded Vivado IP repository '/opt/Xilinx/Vivado/2020.2/data/ip'.
Command: link_design -top system_wrapper -part xc7z010clg400-1
Design is defaulting to srcset: sources_1
Design is defaulting to constrset: constrs_1
INFO: [Device 21-403] Loading part xc7z010clg400-1
INFO: [Project 1-454] Reading design checkpoint '/home/nick/ECEC402/final/question_1/question_1.gen/sources_1/bd/system/ip/system_axi_gpio_0_0/system_axi_gpio_0_0.dcp' for cell 'system_i/axi_gpio_0'
INFO: [Project 1-454] Reading design checkpoint '/home/nick/ECEC402/final/question_1/question_1.gen/sources_1/bd/system/ip/system_processing_system7_0_0/system_processing_system7_0_0.dcp' for cell 'system_i/processing_system7_0'
INFO: [Project 1-454] Reading design checkpoint '/home/nick/ECEC402/final/question_1/question_1.gen/sources_1/bd/system/ip/system_rst_ps7_0_50M_0/system_rst_ps7_0_50M_0.dcp' for cell 'system_i/rst_ps7_0_50M'
INFO: [Project 1-454] Reading design checkpoint '/home/nick/ECEC402/final/question_1/question_1.gen/sources_1/bd/system/ip/system_auto_pc_0/system_auto_pc_0.dcp' for cell 'system_i/axi_interconnect_0/s00_couplers/auto_pc'
Netlist sorting complete. Time (s): cpu = 00:00:00.02 ; elapsed = 00:00:00.03 . Memory (MB): peak = 2387.199 ; gain = 0.000 ; free physical = 1992 ; free virtual = 11208
INFO: [Netlist 29-17] Analyzing 18 Unisim elements for replacement
INFO: [Netlist 29-28] Unisim Transformation completed in 0 CPU seconds
INFO: [Project 1-479] Netlist was created with Vivado 2020.2
INFO: [Project 1-570] Preparing netlist for logic optimization
Parsing XDC File [/home/nick/ECEC402/final/question_1/question_1.gen/sources_1/bd/system/ip/system_processing_system7_0_0/system_processing_system7_0_0.xdc] for cell 'system_i/processing_system7_0/inst'
Finished Parsing XDC File [/home/nick/ECEC402/final/question_1/question_1.gen/sources_1/bd/system/ip/system_processing_system7_0_0/system_processing_system7_0_0.xdc] for cell 'system_i/processing_system7_0/inst'
Parsing XDC File [/home/nick/ECEC402/final/question_1/question_1.gen/sources_1/bd/system/ip/system_axi_gpio_0_0/system_axi_gpio_0_0_board.xdc] for cell 'system_i/axi_gpio_0/U0'
Finished Parsing XDC File [/home/nick/ECEC402/final/question_1/question_1.gen/sources_1/bd/system/ip/system_axi_gpio_0_0/system_axi_gpio_0_0_board.xdc] for cell 'system_i/axi_gpio_0/U0'
Parsing XDC File [/home/nick/ECEC402/final/question_1/question_1.gen/sources_1/bd/system/ip/system_axi_gpio_0_0/system_axi_gpio_0_0.xdc] for cell 'system_i/axi_gpio_0/U0'
Finished Parsing XDC File [/home/nick/ECEC402/final/question_1/question_1.gen/sources_1/bd/system/ip/system_axi_gpio_0_0/system_axi_gpio_0_0.xdc] for cell 'system_i/axi_gpio_0/U0'
Parsing XDC File [/home/nick/ECEC402/final/question_1/question_1.gen/sources_1/bd/system/ip/system_rst_ps7_0_50M_0/system_rst_ps7_0_50M_0_board.xdc] for cell 'system_i/rst_ps7_0_50M/U0'
Finished Parsing XDC File [/home/nick/ECEC402/final/question_1/question_1.gen/sources_1/bd/system/ip/system_rst_ps7_0_50M_0/system_rst_ps7_0_50M_0_board.xdc] for cell 'system_i/rst_ps7_0_50M/U0'
Parsing XDC File [/home/nick/ECEC402/final/question_1/question_1.gen/sources_1/bd/system/ip/system_rst_ps7_0_50M_0/system_rst_ps7_0_50M_0.xdc] for cell 'system_i/rst_ps7_0_50M/U0'
Finished Parsing XDC File [/home/nick/ECEC402/final/question_1/question_1.gen/sources_1/bd/system/ip/system_rst_ps7_0_50M_0/system_rst_ps7_0_50M_0.xdc] for cell 'system_i/rst_ps7_0_50M/U0'
INFO: [Opt 31-138] Pushed 0 inverter(s) to 0 load pin(s).
Netlist sorting complete. Time (s): cpu = 00:00:00.01 ; elapsed = 00:00:00 . Memory (MB): peak = 2427.137 ; gain = 0.000 ; free physical = 1113 ; free virtual = 10328
INFO: [Project 1-111] Unisim Transformation Summary:
No Unisim elements were transformed.

14 Infos, 0 Warnings, 0 Critical Warnings and 0 Errors encountered.
link_design completed successfully
link_design: Time (s): cpu = 00:00:08 ; elapsed = 00:00:13 . Memory (MB): peak = 2427.137 ; gain = 40.027 ; free physical = 1113 ; free virtual = 10328
Command: opt_design
Attempting to get a license for feature 'Implementation' and/or device 'xc7z010'
INFO: [Common 17-349] Got license for feature 'Implementation' and/or device 'xc7z010'
Running DRC as a precondition to command opt_design

Starting DRC Task
INFO: [DRC 23-27] Running DRC with 4 threads
INFO: [Project 1-461] DRC finished with 0 Errors
INFO: [Project 1-462] Please refer to the DRC report (report_drc) for more information.

Time (s): cpu = 00:00:01 ; elapsed = 00:00:02 . Memory (MB): peak = 2443.137 ; gain = 16.000 ; free physical = 948 ; free virtual = 10165

Starting Cache Timing Information Task
INFO: [Timing 38-35] Done setting XDC timing constraints.
Ending Cache Timing Information Task | Checksum: 18ca946e7

Time (s): cpu = 00:00:05 ; elapsed = 00:00:08 . Memory (MB): peak = 2715.105 ; gain = 271.969 ; free physical = 1455 ; free virtual = 9866

Starting Logic Optimization Task

Phase 1 Retarget
INFO: [Opt 31-138] Pushed 0 inverter(s) to 0 load pin(s).
INFO: [Opt 31-49] Retargeted 0 cell(s).
Phase 1 Retarget | Checksum: e59c8b82

Time (s): cpu = 00:00:00.13 ; elapsed = 00:00:00.12 . Memory (MB): peak = 2888.043 ; gain = 0.000 ; free physical = 1301 ; free virtual = 9714
INFO: [Opt 31-389] Phase Retarget created 4 cells and removed 29 cells
INFO: [Opt 31-1021] In phase Retarget, 4 netlist objects are constrained preventing optimization. Please run opt_design with -debug_log to get more detail. 

Phase 2 Constant propagation
INFO: [Opt 31-138] Pushed 0 inverter(s) to 0 load pin(s).
Phase 2 Constant propagation | Checksum: 10dbe773f

Time (s): cpu = 00:00:00.15 ; elapsed = 00:00:00.13 . Memory (MB): peak = 2888.043 ; gain = 0.000 ; free physical = 1301 ; free virtual = 9714
INFO: [Opt 31-389] Phase Constant propagation created 0 cells and removed 8 cells

Phase 3 Sweep
Phase 3 Sweep | Checksum: 91163fb8

Time (s): cpu = 00:00:00.27 ; elapsed = 00:00:00.26 . Memory (MB): peak = 2888.043 ; gain = 0.000 ; free physical = 1298 ; free virtual = 9711
INFO: [Opt 31-389] Phase Sweep created 0 cells and removed 159 cells

Phase 4 BUFG optimization
Phase 4 BUFG optimization | Checksum: 91163fb8

Time (s): cpu = 00:00:00.29 ; elapsed = 00:00:00.28 . Memory (MB): peak = 2888.043 ; gain = 0.000 ; free physical = 1297 ; free virtual = 9710
INFO: [Opt 31-662] Phase BUFG optimization created 0 cells of which 0 are BUFGs and removed 0 cells.

Phase 5 Shift Register Optimization
INFO: [Opt 31-1064] SRL Remap converted 0 SRLs to 0 registers and converted 0 registers of register chains to 0 SRLs
Phase 5 Shift Register Optimization | Checksum: 91163fb8

Time (s): cpu = 00:00:00.29 ; elapsed = 00:00:00.29 . Memory (MB): peak = 2888.043 ; gain = 0.000 ; free physical = 1297 ; free virtual = 9710
INFO: [Opt 31-389] Phase Shift Register Optimization created 0 cells and removed 0 cells

Phase 6 Post Processing Netlist
Phase 6 Post Processing Netlist | Checksum: 91163fb8

Time (s): cpu = 00:00:00.30 ; elapsed = 00:00:00.29 . Memory (MB): peak = 2888.043 ; gain = 0.000 ; free physical = 1296 ; free virtual = 9710
INFO: [Opt 31-389] Phase Post Processing Netlist created 0 cells and removed 0 cells
Opt_design Change Summary
=========================


-------------------------------------------------------------------------------------------------------------------------
|  Phase                        |  #Cells created  |  #Cells Removed  |  #Constrained objects preventing optimizations  |
-------------------------------------------------------------------------------------------------------------------------
|  Retarget                     |               4  |              29  |                                              4  |
|  Constant propagation         |               0  |               8  |                                              0  |
|  Sweep                        |               0  |             159  |                                              0  |
|  BUFG optimization            |               0  |               0  |                                              0  |
|  Shift Register Optimization  |               0  |               0  |                                              0  |
|  Post Processing Netlist      |               0  |               0  |                                              0  |
-------------------------------------------------------------------------------------------------------------------------



Starting Connectivity Check Task

Time (s): cpu = 00:00:00.01 ; elapsed = 00:00:00.01 . Memory (MB): peak = 2888.043 ; gain = 0.000 ; free physical = 1294 ; free virtual = 9707
Ending Logic Optimization Task | Checksum: 1159e0ec6

Time (s): cpu = 00:00:00.38 ; elapsed = 00:00:00.35 . Memory (MB): peak = 2888.043 ; gain = 0.000 ; free physical = 1294 ; free virtual = 9707

Starting Power Optimization Task
INFO: [Pwropt 34-132] Skipping clock gating for clocks with a period < 2.00 ns.
Ending Power Optimization Task | Checksum: 1159e0ec6

Time (s): cpu = 00:00:00.01 ; elapsed = 00:00:00.01 . Memory (MB): peak = 2888.043 ; gain = 0.000 ; free physical = 1293 ; free virtual = 9706

Starting Final Cleanup Task
Ending Final Cleanup Task | Checksum: 1159e0ec6

Time (s): cpu = 00:00:00 ; elapsed = 00:00:00 . Memory (MB): peak = 2888.043 ; gain = 0.000 ; free physical = 1293 ; free virtual = 9706

Starting Netlist Obfuscation Task
Netlist sorting complete. Time (s): cpu = 00:00:00 ; elapsed = 00:00:00 . Memory (MB): peak = 2888.043 ; gain = 0.000 ; free physical = 1293 ; free virtual = 9706
Ending Netlist Obfuscation Task | Checksum: 1159e0ec6

Time (s): cpu = 00:00:00 ; elapsed = 00:00:00 . Memory (MB): peak = 2888.043 ; gain = 0.000 ; free physical = 1293 ; free virtual = 9706
INFO: [Common 17-83] Releasing license: Implementation
32 Infos, 0 Warnings, 0 Critical Warnings and 0 Errors encountered.
opt_design completed successfully
opt_design: Time (s): cpu = 00:00:08 ; elapsed = 00:00:12 . Memory (MB): peak = 2888.043 ; gain = 460.906 ; free physical = 1293 ; free virtual = 9706
INFO: [Timing 38-480] Writing timing data to binary archive.
Writing placer database...
Writing XDEF routing.
Writing XDEF routing logical nets.
Writing XDEF routing special nets.
Write XDEF Complete: Time (s): cpu = 00:00:00.08 ; elapsed = 00:00:00.05 . Memory (MB): peak = 2928.062 ; gain = 0.000 ; free physical = 1280 ; free virtual = 9695
INFO: [Common 17-1381] The checkpoint '/home/nick/ECEC402/final/question_1/question_1.runs/impl_1/system_wrapper_opt.dcp' has been generated.
INFO: [runtcl-4] Executing : report_drc -file system_wrapper_drc_opted.rpt -pb system_wrapper_drc_opted.pb -rpx system_wrapper_drc_opted.rpx
Command: report_drc -file system_wrapper_drc_opted.rpt -pb system_wrapper_drc_opted.pb -rpx system_wrapper_drc_opted.rpx
INFO: [IP_Flow 19-1839] IP Catalog is up to date.
INFO: [Timing 38-35] Done setting XDC timing constraints.
INFO: [DRC 23-27] Running DRC with 4 threads
INFO: [Coretcl 2-168] The results of DRC are in file /home/nick/ECEC402/final/question_1/question_1.runs/impl_1/system_wrapper_drc_opted.rpt.
report_drc completed successfully
Command: place_design
Attempting to get a license for feature 'Implementation' and/or device 'xc7z010'
INFO: [Common 17-349] Got license for feature 'Implementation' and/or device 'xc7z010'
INFO: [DRC 23-27] Running DRC with 4 threads
INFO: [Vivado_Tcl 4-198] DRC finished with 0 Errors
INFO: [Vivado_Tcl 4-199] Please refer to the DRC report (report_drc) for more information.
Running DRC as a precondition to command place_design
INFO: [DRC 23-27] Running DRC with 4 threads
INFO: [Vivado_Tcl 4-198] DRC finished with 0 Errors
INFO: [Vivado_Tcl 4-199] Please refer to the DRC report (report_drc) for more information.

Starting Placer Task
INFO: [Place 30-611] Multithreading enabled for place_design using a maximum of 4 CPUs

Phase 1 Placer Initialization

Phase 1.1 Placer Initialization Netlist Sorting
Netlist sorting complete. Time (s): cpu = 00:00:00 ; elapsed = 00:00:00 . Memory (MB): peak = 3031.660 ; gain = 0.000 ; free physical = 1226 ; free virtual = 9645
Phase 1.1 Placer Initialization Netlist Sorting | Checksum: 66643f55

Time (s): cpu = 00:00:00 ; elapsed = 00:00:00.03 . Memory (MB): peak = 3031.660 ; gain = 0.000 ; free physical = 1226 ; free virtual = 9645
Netlist sorting complete. Time (s): cpu = 00:00:00 ; elapsed = 00:00:00 . Memory (MB): peak = 3031.660 ; gain = 0.000 ; free physical = 1226 ; free virtual = 9645

Phase 1.2 IO Placement/ Clock Placement/ Build Placer Device
Phase 1.2 IO Placement/ Clock Placement/ Build Placer Device | Checksum: 173a90dfc

Time (s): cpu = 00:00:00.42 ; elapsed = 00:00:00.36 . Memory (MB): peak = 3031.660 ; gain = 0.000 ; free physical = 1218 ; free virtual = 9637

Phase 1.3 Build Placer Netlist Model
Phase 1.3 Build Placer Netlist Model | Checksum: 26ada5d03

Time (s): cpu = 00:00:00.75 ; elapsed = 00:00:00.60 . Memory (MB): peak = 3031.660 ; gain = 0.000 ; free physical = 1216 ; free virtual = 9633

Phase 1.4 Constrain Clocks/Macros
Phase 1.4 Constrain Clocks/Macros | Checksum: 26ada5d03

Time (s): cpu = 00:00:00.75 ; elapsed = 00:00:00.60 . Memory (MB): peak = 3031.660 ; gain = 0.000 ; free physical = 1215 ; free virtual = 9632
Phase 1 Placer Initialization | Checksum: 26ada5d03

Time (s): cpu = 00:00:00.76 ; elapsed = 00:00:00.61 . Memory (MB): peak = 3031.660 ; gain = 0.000 ; free physical = 1214 ; free virtual = 9632

Phase 2 Global Placement

Phase 2.1 Floorplanning
Phase 2.1 Floorplanning | Checksum: 1fd846728

Time (s): cpu = 00:00:02 ; elapsed = 00:00:01 . Memory (MB): peak = 3031.660 ; gain = 0.000 ; free physical = 1202 ; free virtual = 9621

Phase 2.2 Update Timing before SLR Path Opt
Phase 2.2 Update Timing before SLR Path Opt | Checksum: 1a10dde3a

Time (s): cpu = 00:00:02 ; elapsed = 00:00:01 . Memory (MB): peak = 3031.660 ; gain = 0.000 ; free physical = 1201 ; free virtual = 9619

Phase 2.3 Global Placement Core

Phase 2.3.1 Physical Synthesis In Placer
INFO: [Physopt 32-1035] Found 0 LUTNM shape to break, 15 LUT instances to create LUTNM shape
INFO: [Physopt 32-1044] Break lutnm for timing: one critical 0, two critical 0, total 0, new lutff created 0
INFO: [Physopt 32-775] End 1 Pass. Optimized 6 nets or cells. Created 0 new cell, deleted 6 existing cells and moved 0 existing cell
INFO: [Physopt 32-65] No nets found for high-fanout optimization.
INFO: [Physopt 32-232] Optimized 0 net. Created 0 new instance.
INFO: [Physopt 32-775] End 1 Pass. Optimized 0 net or cell. Created 0 new cell, deleted 0 existing cell and moved 0 existing cell
INFO: [Physopt 32-670] No setup violation found.  DSP Register Optimization was not performed.
INFO: [Physopt 32-670] No setup violation found.  Shift Register to Pipeline Optimization was not performed.
INFO: [Physopt 32-670] No setup violation found.  Shift Register Optimization was not performed.
INFO: [Physopt 32-670] No setup violation found.  BRAM Register Optimization was not performed.
INFO: [Physopt 32-670] No setup violation found.  URAM Register Optimization was not performed.
INFO: [Physopt 32-949] No candidate nets found for dynamic/static region interface net replication
INFO: [Physopt 32-775] End 1 Pass. Optimized 0 net or cell. Created 0 new cell, deleted 0 existing cell and moved 0 existing cell
Netlist sorting complete. Time (s): cpu = 00:00:00 ; elapsed = 00:00:00 . Memory (MB): peak = 3031.660 ; gain = 0.000 ; free physical = 857 ; free virtual = 9275

Summary of Physical Synthesis Optimizations
============================================


-----------------------------------------------------------------------------------------------------------------------------------------------------------
|  Optimization                                     |  Added Cells  |  Removed Cells  |  Optimized Cells/Nets  |  Dont Touch  |  Iterations  |  Elapsed   |
-----------------------------------------------------------------------------------------------------------------------------------------------------------
|  LUT Combining                                    |            0  |              6  |                     6  |           0  |           1  |  00:00:00  |
|  Very High Fanout                                 |            0  |              0  |                     0  |           0  |           1  |  00:00:00  |
|  DSP Register                                     |            0  |              0  |                     0  |           0  |           0  |  00:00:00  |
|  Shift Register to Pipeline                       |            0  |              0  |                     0  |           0  |           0  |  00:00:00  |
|  Shift Register                                   |            0  |              0  |                     0  |           0  |           0  |  00:00:00  |
|  BRAM Register                                    |            0  |              0  |                     0  |           0  |           0  |  00:00:00  |
|  URAM Register                                    |            0  |              0  |                     0  |           0  |           0  |  00:00:00  |
|  Dynamic/Static Region Interface Net Replication  |            0  |              0  |                     0  |           0  |           1  |  00:00:00  |
|  Total                                            |            0  |              6  |                     6  |           0  |           3  |  00:00:00  |
-----------------------------------------------------------------------------------------------------------------------------------------------------------


Phase 2.3.1 Physical Synthesis In Placer | Checksum: 1fbd3ec49

Time (s): cpu = 00:00:14 ; elapsed = 00:00:10 . Memory (MB): peak = 3031.660 ; gain = 0.000 ; free physical = 857 ; free virtual = 9274
Phase 2.3 Global Placement Core | Checksum: 1e9587b51

Time (s): cpu = 00:00:32 ; elapsed = 00:00:19 . Memory (MB): peak = 3031.660 ; gain = 0.000 ; free physical = 1342 ; free virtual = 9784
Phase 2 Global Placement | Checksum: 1e9587b51

Time (s): cpu = 00:00:32 ; elapsed = 00:00:19 . Memory (MB): peak = 3031.660 ; gain = 0.000 ; free physical = 1342 ; free virtual = 9784

Phase 3 Detail Placement

Phase 3.1 Commit Multi Column Macros
Phase 3.1 Commit Multi Column Macros | Checksum: 189e1f7de

Time (s): cpu = 00:00:32 ; elapsed = 00:00:19 . Memory (MB): peak = 3031.660 ; gain = 0.000 ; free physical = 1341 ; free virtual = 9783

Phase 3.2 Commit Most Macros & LUTRAMs
Phase 3.2 Commit Most Macros & LUTRAMs | Checksum: 1199e30b0

Time (s): cpu = 00:00:32 ; elapsed = 00:00:19 . Memory (MB): peak = 3031.660 ; gain = 0.000 ; free physical = 1352 ; free virtual = 9777

Phase 3.3 Area Swap Optimization
Phase 3.3 Area Swap Optimization | Checksum: 1a4b3e113

Time (s): cpu = 00:00:32 ; elapsed = 00:00:20 . Memory (MB): peak = 3031.660 ; gain = 0.000 ; free physical = 1348 ; free virtual = 9773

Phase 3.4 Pipeline Register Optimization
Phase 3.4 Pipeline Register Optimization | Checksum: 18bcb2403

Time (s): cpu = 00:00:33 ; elapsed = 00:00:20 . Memory (MB): peak = 3031.660 ; gain = 0.000 ; free physical = 1347 ; free virtual = 9773

Phase 3.5 Small Shape Detail Placement
Phase 3.5 Small Shape Detail Placement | Checksum: 1fb2da1ae

Time (s): cpu = 00:00:33 ; elapsed = 00:00:20 . Memory (MB): peak = 3031.660 ; gain = 0.000 ; free physical = 1332 ; free virtual = 9760

Phase 3.6 Re-assign LUT pins
Phase 3.6 Re-assign LUT pins | Checksum: 16559b89c

Time (s): cpu = 00:00:33 ; elapsed = 00:00:20 . Memory (MB): peak = 3031.660 ; gain = 0.000 ; free physical = 1332 ; free virtual = 9759

Phase 3.7 Pipeline Register Optimization
Phase 3.7 Pipeline Register Optimization | Checksum: 16e7159ac

Time (s): cpu = 00:00:33 ; elapsed = 00:00:20 . Memory (MB): peak = 3031.660 ; gain = 0.000 ; free physical = 1332 ; free virtual = 9759
Phase 3 Detail Placement | Checksum: 16e7159ac

Time (s): cpu = 00:00:33 ; elapsed = 00:00:20 . Memory (MB): peak = 3031.660 ; gain = 0.000 ; free physical = 1332 ; free virtual = 9759

Phase 4 Post Placement Optimization and Clean-Up

Phase 4.1 Post Commit Optimization
INFO: [Timing 38-35] Done setting XDC timing constraints.

Phase 4.1.1 Post Placement Optimization
Post Placement Optimization Initialization | Checksum: ec28c290

Phase 4.1.1.1 BUFG Insertion

Starting Physical Synthesis Task

Phase 1 Physical Synthesis Initialization
INFO: [Physopt 32-721] Multithreading enabled for phys_opt_design using a maximum of 4 CPUs
INFO: [Physopt 32-619] Estimated Timing Summary | WNS=12.465 | TNS=0.000 |
Phase 1 Physical Synthesis Initialization | Checksum: 140a0bd03

Time (s): cpu = 00:00:00.06 ; elapsed = 00:00:00.04 . Memory (MB): peak = 3031.660 ; gain = 0.000 ; free physical = 1306 ; free virtual = 9733
INFO: [Place 46-56] BUFG insertion identified 0 candidate nets. Inserted BUFG: 0, Replicated BUFG Driver: 0, Skipped due to Placement/Routing Conflicts: 0, Skipped due to Timing Degradation: 0, Skipped due to Illegal Netlist: 0.
Ending Physical Synthesis Task | Checksum: 110f754fe

Time (s): cpu = 00:00:00.06 ; elapsed = 00:00:00.04 . Memory (MB): peak = 3031.660 ; gain = 0.000 ; free physical = 1305 ; free virtual = 9733
Phase 4.1.1.1 BUFG Insertion | Checksum: ec28c290

Time (s): cpu = 00:00:34 ; elapsed = 00:00:20 . Memory (MB): peak = 3031.660 ; gain = 0.000 ; free physical = 1305 ; free virtual = 9732
INFO: [Place 30-746] Post Placement Timing Summary WNS=12.465. For the most accurate timing information please run report_timing.

Time (s): cpu = 00:00:34 ; elapsed = 00:00:20 . Memory (MB): peak = 3031.660 ; gain = 0.000 ; free physical = 1304 ; free virtual = 9732
Phase 4.1 Post Commit Optimization | Checksum: 124629fac

Time (s): cpu = 00:00:34 ; elapsed = 00:00:20 . Memory (MB): peak = 3031.660 ; gain = 0.000 ; free physical = 1304 ; free virtual = 9731

Phase 4.2 Post Placement Cleanup
Phase 4.2 Post Placement Cleanup | Checksum: 124629fac

Time (s): cpu = 00:00:34 ; elapsed = 00:00:20 . Memory (MB): peak = 3031.660 ; gain = 0.000 ; free physical = 1302 ; free virtual = 9730

Phase 4.3 Placer Reporting

Phase 4.3.1 Print Estimated Congestion
INFO: [Place 30-612] Post-Placement Estimated Congestion 
 ____________________________________________________
|           | Global Congestion | Short Congestion  |
| Direction | Region Size       | Region Size       |
|___________|___________________|___________________|
|      North|                1x1|                1x1|
|___________|___________________|___________________|
|      South|                1x1|                2x2|
|___________|___________________|___________________|
|       East|                1x1|                1x1|
|___________|___________________|___________________|
|       West|                1x1|                1x1|
|___________|___________________|___________________|

Phase 4.3.1 Print Estimated Congestion | Checksum: 124629fac

Time (s): cpu = 00:00:34 ; elapsed = 00:00:20 . Memory (MB): peak = 3031.660 ; gain = 0.000 ; free physical = 1302 ; free virtual = 9730
Phase 4.3 Placer Reporting | Checksum: 124629fac

Time (s): cpu = 00:00:34 ; elapsed = 00:00:20 . Memory (MB): peak = 3031.660 ; gain = 0.000 ; free physical = 1302 ; free virtual = 9730

Phase 4.4 Final Placement Cleanup
Netlist sorting complete. Time (s): cpu = 00:00:00 ; elapsed = 00:00:00 . Memory (MB): peak = 3031.660 ; gain = 0.000 ; free physical = 1302 ; free virtual = 9730

Time (s): cpu = 00:00:34 ; elapsed = 00:00:20 . Memory (MB): peak = 3031.660 ; gain = 0.000 ; free physical = 1302 ; free virtual = 9729
Phase 4 Post Placement Optimization and Clean-Up | Checksum: 1be4bec88

Time (s): cpu = 00:00:34 ; elapsed = 00:00:20 . Memory (MB): peak = 3031.660 ; gain = 0.000 ; free physical = 1301 ; free virtual = 9729
Ending Placer Task | Checksum: fba6d269

Time (s): cpu = 00:00:34 ; elapsed = 00:00:20 . Memory (MB): peak = 3031.660 ; gain = 0.000 ; free physical = 1301 ; free virtual = 9728
INFO: [Common 17-83] Releasing license: Implementation
67 Infos, 0 Warnings, 0 Critical Warnings and 0 Errors encountered.
place_design completed successfully
place_design: Time (s): cpu = 00:00:35 ; elapsed = 00:00:21 . Memory (MB): peak = 3031.660 ; gain = 0.000 ; free physical = 1303 ; free virtual = 9730
INFO: [Timing 38-480] Writing timing data to binary archive.
Writing placer database...
Writing XDEF routing.
Writing XDEF routing logical nets.
Writing XDEF routing special nets.
Write XDEF Complete: Time (s): cpu = 00:00:00.24 ; elapsed = 00:00:00.11 . Memory (MB): peak = 3031.660 ; gain = 0.000 ; free physical = 1283 ; free virtual = 9714
INFO: [Common 17-1381] The checkpoint '/home/nick/ECEC402/final/question_1/question_1.runs/impl_1/system_wrapper_placed.dcp' has been generated.
INFO: [runtcl-4] Executing : report_io -file system_wrapper_io_placed.rpt
report_io: Time (s): cpu = 00:00:00.06 ; elapsed = 00:00:00.06 . Memory (MB): peak = 3031.660 ; gain = 0.000 ; free physical = 1253 ; free virtual = 9682
INFO: [runtcl-4] Executing : report_utilization -file system_wrapper_utilization_placed.rpt -pb system_wrapper_utilization_placed.pb
INFO: [runtcl-4] Executing : report_control_sets -verbose -file system_wrapper_control_sets_placed.rpt
report_control_sets: Time (s): cpu = 00:00:00 ; elapsed = 00:00:00.01 . Memory (MB): peak = 3031.660 ; gain = 0.000 ; free physical = 1262 ; free virtual = 9690
Command: phys_opt_design
Attempting to get a license for feature 'Implementation' and/or device 'xc7z010'
INFO: [Common 17-349] Got license for feature 'Implementation' and/or device 'xc7z010'
INFO: [Vivado_Tcl 4-383] Design worst setup slack (WNS) is greater than or equal to 0.000 ns. Skipping all physical synthesis optimizations.
INFO: [Vivado_Tcl 4-232] No setup violation found. The netlist was not modified.
INFO: [Common 17-83] Releasing license: Implementation
76 Infos, 0 Warnings, 0 Critical Warnings and 0 Errors encountered.
phys_opt_design completed successfully
INFO: [Timing 38-480] Writing timing data to binary archive.
Writing placer database...
Writing XDEF routing.
Writing XDEF routing logical nets.
Writing XDEF routing special nets.
Write XDEF Complete: Time (s): cpu = 00:00:00.24 ; elapsed = 00:00:00.12 . Memory (MB): peak = 3031.660 ; gain = 0.000 ; free physical = 1305 ; free virtual = 9737
INFO: [Common 17-1381] The checkpoint '/home/nick/ECEC402/final/question_1/question_1.runs/impl_1/system_wrapper_physopt.dcp' has been generated.
Command: route_design
Attempting to get a license for feature 'Implementation' and/or device 'xc7z010'
INFO: [Common 17-349] Got license for feature 'Implementation' and/or device 'xc7z010'
Running DRC as a precondition to command route_design
INFO: [DRC 23-27] Running DRC with 4 threads
INFO: [Vivado_Tcl 4-198] DRC finished with 0 Errors
INFO: [Vivado_Tcl 4-199] Please refer to the DRC report (report_drc) for more information.


Starting Routing Task
INFO: [Route 35-254] Multithreading enabled for route_design using a maximum of 4 CPUs
Checksum: PlaceDB: 5ac1d4fe ConstDB: 0 ShapeSum: a0e4fd6b RouteDB: 0

Phase 1 Build RT Design
Phase 1 Build RT Design | Checksum: 30e02cd0

Time (s): cpu = 00:00:07 ; elapsed = 00:00:06 . Memory (MB): peak = 3031.660 ; gain = 0.000 ; free physical = 2088 ; free virtual = 10522
Post Restoration Checksum: NetGraph: 23455e22 NumContArr: d9aceae Constraints: 0 Timing: 0

Phase 2 Router Initialization

Phase 2.1 Create Timer
Phase 2.1 Create Timer | Checksum: 30e02cd0

Time (s): cpu = 00:00:07 ; elapsed = 00:00:06 . Memory (MB): peak = 3031.660 ; gain = 0.000 ; free physical = 2088 ; free virtual = 10522

Phase 2.2 Fix Topology Constraints
Phase 2.2 Fix Topology Constraints | Checksum: 30e02cd0

Time (s): cpu = 00:00:07 ; elapsed = 00:00:06 . Memory (MB): peak = 3031.660 ; gain = 0.000 ; free physical = 2071 ; free virtual = 10506

Phase 2.3 Pre Route Cleanup
Phase 2.3 Pre Route Cleanup | Checksum: 30e02cd0

Time (s): cpu = 00:00:07 ; elapsed = 00:00:06 . Memory (MB): peak = 3031.660 ; gain = 0.000 ; free physical = 2071 ; free virtual = 10506
 Number of Nodes with overlaps = 0

Phase 2.4 Update Timing
Phase 2.4 Update Timing | Checksum: 1ecb16a10

Time (s): cpu = 00:00:07 ; elapsed = 00:00:07 . Memory (MB): peak = 3038.387 ; gain = 6.727 ; free physical = 2058 ; free virtual = 10488
INFO: [Route 35-416] Intermediate Timing Summary | WNS=12.534 | TNS=0.000  | WHS=-0.185 | THS=-13.831|

Phase 2 Router Initialization | Checksum: 11e8c1146

Time (s): cpu = 00:00:07 ; elapsed = 00:00:07 . Memory (MB): peak = 3038.387 ; gain = 6.727 ; free physical = 2055 ; free virtual = 10485

Router Utilization Summary
  Global Vertical Routing Utilization    = 0 %
  Global Horizontal Routing Utilization  = 0 %
  Routable Net Status*
  *Does not include unroutable nets such as driverless and loadless.
  Run report_route_status for detailed report.
  Number of Failed Nets               = 1123
    (Failed Nets is the sum of unrouted and partially routed nets)
  Number of Unrouted Nets             = 1123
  Number of Partially Routed Nets     = 0
  Number of Node Overlaps             = 0


Phase 3 Initial Routing

Phase 3.1 Global Routing
Phase 3.1 Global Routing | Checksum: 11e8c1146

Time (s): cpu = 00:00:07 ; elapsed = 00:00:07 . Memory (MB): peak = 3040.387 ; gain = 8.727 ; free physical = 2051 ; free virtual = 10483
Phase 3 Initial Routing | Checksum: 12f9a4849

Time (s): cpu = 00:00:08 ; elapsed = 00:00:07 . Memory (MB): peak = 3040.387 ; gain = 8.727 ; free physical = 2048 ; free virtual = 10480

Phase 4 Rip-up And Reroute

Phase 4.1 Global Iteration 0
 Number of Nodes with overlaps = 50
 Number of Nodes with overlaps = 0
INFO: [Route 35-416] Intermediate Timing Summary | WNS=12.531 | TNS=0.000  | WHS=N/A    | THS=N/A    |

Phase 4.1 Global Iteration 0 | Checksum: d0570b28

Time (s): cpu = 00:00:08 ; elapsed = 00:00:07 . Memory (MB): peak = 3040.387 ; gain = 8.727 ; free physical = 2043 ; free virtual = 10475

Phase 4.2 Global Iteration 1
 Number of Nodes with overlaps = 0
INFO: [Route 35-416] Intermediate Timing Summary | WNS=12.531 | TNS=0.000  | WHS=N/A    | THS=N/A    |

Phase 4.2 Global Iteration 1 | Checksum: 13bb7efa8

Time (s): cpu = 00:00:08 ; elapsed = 00:00:08 . Memory (MB): peak = 3040.387 ; gain = 8.727 ; free physical = 2043 ; free virtual = 10475
Phase 4 Rip-up And Reroute | Checksum: 13bb7efa8

Time (s): cpu = 00:00:08 ; elapsed = 00:00:08 . Memory (MB): peak = 3040.387 ; gain = 8.727 ; free physical = 2043 ; free virtual = 10475

Phase 5 Delay and Skew Optimization

Phase 5.1 Delay CleanUp
Phase 5.1 Delay CleanUp | Checksum: 13bb7efa8

Time (s): cpu = 00:00:08 ; elapsed = 00:00:08 . Memory (MB): peak = 3040.387 ; gain = 8.727 ; free physical = 2043 ; free virtual = 10475

Phase 5.2 Clock Skew Optimization
Phase 5.2 Clock Skew Optimization | Checksum: 13bb7efa8

Time (s): cpu = 00:00:08 ; elapsed = 00:00:08 . Memory (MB): peak = 3040.387 ; gain = 8.727 ; free physical = 2043 ; free virtual = 10475
Phase 5 Delay and Skew Optimization | Checksum: 13bb7efa8

Time (s): cpu = 00:00:08 ; elapsed = 00:00:08 . Memory (MB): peak = 3040.387 ; gain = 8.727 ; free physical = 2043 ; free virtual = 10475

Phase 6 Post Hold Fix

Phase 6.1 Hold Fix Iter

Phase 6.1.1 Update Timing
Phase 6.1.1 Update Timing | Checksum: 161cd1f2b

Time (s): cpu = 00:00:08 ; elapsed = 00:00:08 . Memory (MB): peak = 3040.387 ; gain = 8.727 ; free physical = 2041 ; free virtual = 10473
INFO: [Route 35-416] Intermediate Timing Summary | WNS=12.646 | TNS=0.000  | WHS=0.042  | THS=0.000  |

Phase 6.1 Hold Fix Iter | Checksum: 1b0e56f05

Time (s): cpu = 00:00:08 ; elapsed = 00:00:08 . Memory (MB): peak = 3040.387 ; gain = 8.727 ; free physical = 2041 ; free virtual = 10473
Phase 6 Post Hold Fix | Checksum: 1b0e56f05

Time (s): cpu = 00:00:08 ; elapsed = 00:00:08 . Memory (MB): peak = 3040.387 ; gain = 8.727 ; free physical = 2041 ; free virtual = 10473

Phase 7 Route finalize

Router Utilization Summary
  Global Vertical Routing Utilization    = 0.327843 %
  Global Horizontal Routing Utilization  = 0.469899 %
  Routable Net Status*
  *Does not include unroutable nets such as driverless and loadless.
  Run report_route_status for detailed report.
  Number of Failed Nets               = 0
    (Failed Nets is the sum of unrouted and partially routed nets)
  Number of Unrouted Nets             = 0
  Number of Partially Routed Nets     = 0
  Number of Node Overlaps             = 0

Phase 7 Route finalize | Checksum: 152a685fb

Time (s): cpu = 00:00:08 ; elapsed = 00:00:08 . Memory (MB): peak = 3040.387 ; gain = 8.727 ; free physical = 2040 ; free virtual = 10472

Phase 8 Verifying routed nets

 Verification completed successfully
Phase 8 Verifying routed nets | Checksum: 152a685fb

Time (s): cpu = 00:00:08 ; elapsed = 00:00:08 . Memory (MB): peak = 3042.387 ; gain = 10.727 ; free physical = 2039 ; free virtual = 10471

Phase 9 Depositing Routes
Phase 9 Depositing Routes | Checksum: 16a71995e

Time (s): cpu = 00:00:08 ; elapsed = 00:00:08 . Memory (MB): peak = 3042.387 ; gain = 10.727 ; free physical = 2039 ; free virtual = 10471

Phase 10 Post Router Timing
INFO: [Route 35-57] Estimated Timing Summary | WNS=12.646 | TNS=0.000  | WHS=0.042  | THS=0.000  |

INFO: [Route 35-327] The final timing numbers are based on the router estimated timing analysis. For a complete and accurate timing signoff, please run report_timing_summary.
Phase 10 Post Router Timing | Checksum: 16a71995e

Time (s): cpu = 00:00:08 ; elapsed = 00:00:08 . Memory (MB): peak = 3042.387 ; gain = 10.727 ; free physical = 2039 ; free virtual = 10471
INFO: [Route 35-16] Router Completed Successfully

Time (s): cpu = 00:00:08 ; elapsed = 00:00:08 . Memory (MB): peak = 3042.387 ; gain = 10.727 ; free physical = 2056 ; free virtual = 10488

Routing Is Done.
INFO: [Common 17-83] Releasing license: Implementation
91 Infos, 0 Warnings, 0 Critical Warnings and 0 Errors encountered.
route_design completed successfully
route_design: Time (s): cpu = 00:00:10 ; elapsed = 00:00:09 . Memory (MB): peak = 3042.387 ; gain = 10.727 ; free physical = 2056 ; free virtual = 10488
INFO: [Common 17-600] The following parameters have non-default value.
general.maxThreads
INFO: [Timing 38-480] Writing timing data to binary archive.
Writing placer database...
Writing XDEF routing.
Writing XDEF routing logical nets.
Writing XDEF routing special nets.
Write XDEF Complete: Time (s): cpu = 00:00:00.26 ; elapsed = 00:00:00.19 . Memory (MB): peak = 3062.266 ; gain = 5.938 ; free physical = 2048 ; free virtual = 10484
INFO: [Common 17-1381] The checkpoint '/home/nick/ECEC402/final/question_1/question_1.runs/impl_1/system_wrapper_routed.dcp' has been generated.
INFO: [runtcl-4] Executing : report_drc -file system_wrapper_drc_routed.rpt -pb system_wrapper_drc_routed.pb -rpx system_wrapper_drc_routed.rpx
Command: report_drc -file system_wrapper_drc_routed.rpt -pb system_wrapper_drc_routed.pb -rpx system_wrapper_drc_routed.rpx
INFO: [IP_Flow 19-1839] IP Catalog is up to date.
INFO: [DRC 23-27] Running DRC with 4 threads
INFO: [Coretcl 2-168] The results of DRC are in file /home/nick/ECEC402/final/question_1/question_1.runs/impl_1/system_wrapper_drc_routed.rpt.
report_drc completed successfully
INFO: [runtcl-4] Executing : report_methodology -file system_wrapper_methodology_drc_routed.rpt -pb system_wrapper_methodology_drc_routed.pb -rpx system_wrapper_methodology_drc_routed.rpx
Command: report_methodology -file system_wrapper_methodology_drc_routed.rpt -pb system_wrapper_methodology_drc_routed.pb -rpx system_wrapper_methodology_drc_routed.rpx
INFO: [Timing 38-35] Done setting XDC timing constraints.
INFO: [DRC 23-133] Running Methodology with 4 threads
INFO: [Coretcl 2-1520] The results of Report Methodology are in file /home/nick/ECEC402/final/question_1/question_1.runs/impl_1/system_wrapper_methodology_drc_routed.rpt.
report_methodology completed successfully
INFO: [runtcl-4] Executing : report_power -file system_wrapper_power_routed.rpt -pb system_wrapper_power_summary_routed.pb -rpx system_wrapper_power_routed.rpx
Command: report_power -file system_wrapper_power_routed.rpt -pb system_wrapper_power_summary_routed.pb -rpx system_wrapper_power_routed.rpx
INFO: [Timing 38-35] Done setting XDC timing constraints.
Running Vector-less Activity Propagation...

Finished Running Vector-less Activity Propagation
104 Infos, 0 Warnings, 0 Critical Warnings and 0 Errors encountered.
report_power completed successfully
INFO: [runtcl-4] Executing : report_route_status -file system_wrapper_route_status.rpt -pb system_wrapper_route_status.pb
INFO: [runtcl-4] Executing : report_timing_summary -max_paths 10 -file system_wrapper_timing_summary_routed.rpt -pb system_wrapper_timing_summary_routed.pb -rpx system_wrapper_timing_summary_routed.rpx -warn_on_violation 
INFO: [Timing 38-91] UpdateTimingParams: Speed grade: -1, Delay Type: min_max.
INFO: [Timing 38-191] Multithreading enabled for timing update using a maximum of 4 CPUs
INFO: [runtcl-4] Executing : report_incremental_reuse -file system_wrapper_incremental_reuse_routed.rpt
INFO: [Vivado_Tcl 4-1062] Incremental flow is disabled. No incremental reuse Info to report.
INFO: [runtcl-4] Executing : report_clock_utilization -file system_wrapper_clock_utilization_routed.rpt
INFO: [runtcl-4] Executing : report_bus_skew -warn_on_violation -file system_wrapper_bus_skew_routed.rpt -pb system_wrapper_bus_skew_routed.pb -rpx system_wrapper_bus_skew_routed.rpx
INFO: [Timing 38-91] UpdateTimingParams: Speed grade: -1, Delay Type: min_max.
INFO: [Timing 38-191] Multithreading enabled for timing update using a maximum of 4 CPUs
Command: write_bitstream -force system_wrapper.bit
Attempting to get a license for feature 'Implementation' and/or device 'xc7z010'
INFO: [Common 17-349] Got license for feature 'Implementation' and/or device 'xc7z010'
Running DRC as a precondition to command write_bitstream
INFO: [IP_Flow 19-1839] IP Catalog is up to date.
INFO: [DRC 23-27] Running DRC with 4 threads
INFO: [Vivado 12-3199] DRC finished with 0 Errors
INFO: [Vivado 12-3200] Please refer to the DRC report (report_drc) for more information.
INFO: [Designutils 20-2272] Running write_bitstream with 4 threads.
Loading data files...
Loading site data...
Loading route data...
Processing options...
Creating bitmap...
Creating bitstream...
Writing bitstream ./system_wrapper.bit...
INFO: [Vivado 12-1842] Bitgen Completed Successfully.
INFO: [Project 1-120] WebTalk data collection is mandatory when using a WebPACK part without a full Vivado license. To see the specific WebTalk data collected for your design, open the usage_statistics_webtalk.html or usage_statistics_webtalk.xml file in the implementation directory.
INFO: [Common 17-83] Releasing license: Implementation
12 Infos, 0 Warnings, 0 Critical Warnings and 0 Errors encountered.
write_bitstream completed successfully
write_bitstream: Time (s): cpu = 00:00:08 ; elapsed = 00:00:18 . Memory (MB): peak = 3398.117 ; gain = 280.188 ; free physical = 2119 ; free virtual = 10551
INFO: [Common 17-206] Exiting Vivado at Mon Mar 15 15:45:09 2021...
