Copyright 1986-2020 Xilinx, Inc. All Rights Reserved.
-------------------------------------------------------------------------------------------
| Tool Version : Vivado v.2020.2 (lin64) Build 3064766 Wed Nov 18 09:12:47 MST 2020
| Date         : Thu Feb  4 14:40:33 2021
| Host         : nick-linux running 64-bit unknown
| Command      : report_control_sets -verbose -file system_wrapper_control_sets_placed.rpt
| Design       : system_wrapper
| Device       : xc7z010
-------------------------------------------------------------------------------------------

Control Set Information

Table of Contents
-----------------
1. Summary
2. Histogram
3. Flip-Flop Distribution
4. Detailed Control Set Information

1. Summary
----------

+----------------------------------------------------------+-------+
|                          Status                          | Count |
+----------------------------------------------------------+-------+
| Total control sets                                       |    57 |
|    Minimum number of control sets                        |    57 |
|    Addition due to synthesis replication                 |     0 |
|    Addition due to physical synthesis replication        |     0 |
| Unused register locations in slices containing registers |   189 |
+----------------------------------------------------------+-------+
* Control sets can be merged at opt_design using control_set_merge or merge_equivalent_drivers
** Run report_qor_suggestions for automated merging and remapping suggestions


2. Histogram
------------

+--------------------+-------+
|       Fanout       | Count |
+--------------------+-------+
| Total control sets |    57 |
| >= 0 to < 4        |     6 |
| >= 4 to < 6        |    11 |
| >= 6 to < 8        |     4 |
| >= 8 to < 10       |     8 |
| >= 10 to < 12      |     2 |
| >= 12 to < 14      |     3 |
| >= 14 to < 16      |     2 |
| >= 16              |    21 |
+--------------------+-------+
* Control sets can be remapped at either synth_design or opt_design


3. Flip-Flop Distribution
-------------------------

+--------------+-----------------------+------------------------+-----------------+--------------+
| Clock Enable | Synchronous Set/Reset | Asynchronous Set/Reset | Total Registers | Total Slices |
+--------------+-----------------------+------------------------+-----------------+--------------+
| No           | No                    | No                     |             153 |           55 |
| No           | No                    | Yes                    |               0 |            0 |
| No           | Yes                   | No                     |             115 |           46 |
| Yes          | No                    | No                     |             443 |          116 |
| Yes          | No                    | Yes                    |               0 |            0 |
| Yes          | Yes                   | No                     |             284 |          103 |
+--------------+-----------------------+------------------------+-----------------+--------------+


4. Detailed Control Set Information
-----------------------------------

+-----------------------------------------------+---------------------------------------------------------------------------------------------------------------------------------------------------------------+-------------------------------------------------------------------------------------------------------------------------------------------------------+------------------+----------------+--------------+
|                  Clock Signal                 |                                                                         Enable Signal                                                                         |                                                                    Set/Reset Signal                                                                   | Slice Load Count | Bel Load Count | Bels / Slice |
+-----------------------------------------------+---------------------------------------------------------------------------------------------------------------------------------------------------------------+-------------------------------------------------------------------------------------------------------------------------------------------------------+------------------+----------------+--------------+
|  system_i/processing_system7_0/inst/FCLK_CLK0 |                                                                                                                                                               | system_i/axi_timer_0/U0/TC_CORE_I/TIMER_CONTROL_I/READ_DONE1_I_i_1_n_0                                                                                |                1 |              1 |         1.00 |
|  system_i/processing_system7_0/inst/FCLK_CLK0 |                                                                                                                                                               | system_i/axi_timer_0/U0/AXI4_LITE_I/I_SLAVE_ATTACHMENT/I_DECODER/GEN_BKEND_CE_REGISTERS[0].ce_out_i_reg[0]_0                                          |                1 |              1 |         1.00 |
|  system_i/processing_system7_0/inst/FCLK_CLK0 |                                                                                                                                                               | system_i/axi_timer_0/U0/AXI4_LITE_I/I_SLAVE_ATTACHMENT/I_DECODER/GEN_BKEND_CE_REGISTERS[4].ce_out_i_reg[4]_0                                          |                1 |              1 |         1.00 |
|  system_i/processing_system7_0/inst/FCLK_CLK0 |                                                                                                                                                               | system_i/axi_timer_0/U0/TC_CORE_I/TIMER_CONTROL_I/READ_DONE0_I_i_1_n_0                                                                                |                1 |              1 |         1.00 |
|  system_i/processing_system7_0/inst/FCLK_CLK0 | system_i/axi_interconnect_0/s00_couplers/auto_pc/inst/gen_axilite.gen_b2s_conv.axilite_b2s/WR.aw_channel_0/aw_cmd_fsm_0/m_valid_i_reg_0                       | system_i/axi_interconnect_0/s00_couplers/auto_pc/inst/gen_axilite.gen_b2s_conv.axilite_b2s/WR.aw_channel_0/aw_cmd_fsm_0/m_valid_i_reg                 |                1 |              2 |         2.00 |
|  system_i/processing_system7_0/inst/FCLK_CLK0 | system_i/axi_interconnect_0/s00_couplers/auto_pc/inst/gen_axilite.gen_b2s_conv.axilite_b2s/WR.b_channel_0/bid_fifo_0/sel                                      |                                                                                                                                                       |                1 |              2 |         2.00 |
|  system_i/processing_system7_0/inst/FCLK_CLK0 |                                                                                                                                                               | system_i/axi_interconnect_0/s00_couplers/auto_pc/inst/gen_axilite.gen_b2s_conv.axilite_b2s/SI_REG/ar.ar_pipe/aresetn_d_reg[0]_0                       |                4 |              4 |         1.00 |
|  system_i/processing_system7_0/inst/FCLK_CLK0 | system_i/axi_timer_0/U0/AXI4_LITE_I/I_SLAVE_ATTACHMENT/I_DECODER/pair0_Select                                                                                 | system_i/axi_timer_0/U0/TC_CORE_I/GEN_SECOND_TIMER.COUNTER_1_I/COUNTER_I/ACTIVE_LOW_PR_OUT_DFF[0].FDRE_PER_N                                          |                2 |              4 |         2.00 |
|  system_i/processing_system7_0/inst/FCLK_CLK0 |                                                                                                                                                               | system_i/rst_ps7_0_50M/U0/EXT_LPF/lpf_int                                                                                                             |                1 |              4 |         4.00 |
|  system_i/processing_system7_0/inst/FCLK_CLK0 | system_i/axi_interconnect_0/s00_couplers/auto_pc/inst/gen_axilite.gen_b2s_conv.axilite_b2s/RD.ar_channel_0/ar_cmd_fsm_0/FSM_sequential_state_reg[0]_0         | system_i/axi_interconnect_0/s00_couplers/auto_pc/inst/gen_axilite.gen_b2s_conv.axilite_b2s/RD.ar_channel_0/ar_cmd_fsm_0/FSM_sequential_state_reg[1]_0 |                1 |              4 |         4.00 |
|  system_i/processing_system7_0/inst/FCLK_CLK0 |                                                                                                                                                               | system_i/axi_interconnect_0/s00_couplers/auto_pc/inst/gen_axilite.gen_b2s_conv.axilite_b2s/SI_REG/b.b_pipe/aresetn_d_reg[1]_inv_0                     |                3 |              4 |         1.33 |
|  system_i/processing_system7_0/inst/FCLK_CLK0 |                                                                                                                                                               | system_i/axi_gpio_0/U0/AXI_LITE_IPIF_I/I_SLAVE_ATTACHMENT/clear                                                                                       |                1 |              4 |         4.00 |
|  system_i/processing_system7_0/inst/FCLK_CLK0 |                                                                                                                                                               | system_i/axi_gpio_0/U0/gpio_core_1/Not_Dual.ALLIN1_ND.READ_REG_GEN[3].reg1[31]_i_1_n_0                                                                |                1 |              4 |         4.00 |
|  system_i/processing_system7_0/inst/FCLK_CLK0 | system_i/axi_timer_0/U0/AXI4_LITE_I/I_SLAVE_ATTACHMENT/bus2ip_addr_i[4]_i_1_n_0                                                                               | system_i/axi_timer_0/U0/AXI4_LITE_I/I_SLAVE_ATTACHMENT/rst                                                                                            |                2 |              4 |         2.00 |
|  system_i/processing_system7_0/inst/FCLK_CLK0 | system_i/axi_gpio_0/U0/AXI_LITE_IPIF_I/I_SLAVE_ATTACHMENT/I_DECODER/E[0]                                                                                      | system_i/axi_gpio_0/U0/AXI_LITE_IPIF_I/I_SLAVE_ATTACHMENT/SR[0]                                                                                       |                2 |              4 |         2.00 |
|  system_i/processing_system7_0/inst/FCLK_CLK0 | system_i/axi_interconnect_0/s00_couplers/auto_pc/inst/gen_axilite.gen_b2s_conv.axilite_b2s/RD.r_channel_0/transaction_fifo_0/cnt_read[4]_i_1_n_0              | system_i/axi_interconnect_0/s00_couplers/auto_pc/inst/gen_axilite.gen_b2s_conv.axilite_b2s/areset_d1                                                  |                1 |              5 |         5.00 |
|  system_i/processing_system7_0/inst/FCLK_CLK0 | system_i/axi_interconnect_0/s00_couplers/auto_pc/inst/gen_axilite.gen_b2s_conv.axilite_b2s/RD.r_channel_0/rd_data_fifo_0/cnt_read[4]_i_1__0_n_0               | system_i/axi_interconnect_0/s00_couplers/auto_pc/inst/gen_axilite.gen_b2s_conv.axilite_b2s/areset_d1                                                  |                2 |              5 |         2.50 |
|  system_i/processing_system7_0/inst/FCLK_CLK0 | system_i/rst_ps7_0_50M/U0/SEQ/seq_cnt_en                                                                                                                      | system_i/rst_ps7_0_50M/U0/SEQ/SEQ_COUNTER/clear                                                                                                       |                1 |              6 |         6.00 |
|  system_i/processing_system7_0/inst/FCLK_CLK0 | system_i/axi_gpio_0/U0/AXI_LITE_IPIF_I/I_SLAVE_ATTACHMENT/s_axi_rresp_i                                                                                       | system_i/axi_gpio_0/U0/AXI_LITE_IPIF_I/I_SLAVE_ATTACHMENT/SR[0]                                                                                       |                1 |              6 |         6.00 |
|  system_i/processing_system7_0/inst/FCLK_CLK0 |                                                                                                                                                               | system_i/axi_timer_0/U0/AXI4_LITE_I/I_SLAVE_ATTACHMENT/INCLUDE_DPHASE_TIMER.dpto_cnt[5]_i_1_n_0                                                       |                2 |              6 |         3.00 |
|  system_i/processing_system7_0/inst/FCLK_CLK0 | system_i/axi_timer_0/U0/AXI4_LITE_I/I_SLAVE_ATTACHMENT/start2                                                                                                 | system_i/axi_timer_0/U0/AXI4_LITE_I/I_SLAVE_ATTACHMENT/I_DECODER/cs_ce_clr                                                                            |                3 |              7 |         2.33 |
|  system_i/processing_system7_0/inst/FCLK_CLK0 | system_i/axi_timer_0/U0/AXI4_LITE_I/I_SLAVE_ATTACHMENT/I_DECODER/bus2ip_wrce[0]                                                                               | system_i/axi_timer_0/U0/TC_CORE_I/GEN_SECOND_TIMER.COUNTER_1_I/COUNTER_I/ACTIVE_LOW_PR_OUT_DFF[0].FDRE_PER_N                                          |                3 |              8 |         2.67 |
|  system_i/processing_system7_0/inst/FCLK_CLK0 | system_i/axi_gpio_0/U0/AXI_LITE_IPIF_I/I_SLAVE_ATTACHMENT/bus2ip_addr_i[8]_i_1_n_0                                                                            | system_i/axi_gpio_0/U0/AXI_LITE_IPIF_I/I_SLAVE_ATTACHMENT/SR[0]                                                                                       |                2 |              8 |         4.00 |
|  system_i/processing_system7_0/inst/FCLK_CLK0 | system_i/axi_interconnect_0/s00_couplers/auto_pc/inst/gen_axilite.gen_b2s_conv.axilite_b2s/WR.b_channel_0/mhandshake_r                                        | system_i/axi_interconnect_0/s00_couplers/auto_pc/inst/gen_axilite.gen_b2s_conv.axilite_b2s/WR.b_channel_0/bid_fifo_0/SR[0]                            |                2 |              8 |         4.00 |
|  system_i/processing_system7_0/inst/FCLK_CLK0 | system_i/axi_interconnect_0/s00_couplers/auto_pc/inst/gen_axilite.gen_b2s_conv.axilite_b2s/RD.ar_channel_0/ar_cmd_fsm_0/E[0]                                  |                                                                                                                                                       |                4 |              9 |         2.25 |
|  system_i/processing_system7_0/inst/FCLK_CLK0 | system_i/axi_interconnect_0/s00_couplers/auto_pc/inst/gen_axilite.gen_b2s_conv.axilite_b2s/WR.aw_channel_0/aw_cmd_fsm_0/m_valid_i_reg_1[0]                    |                                                                                                                                                       |                4 |              9 |         2.25 |
|  system_i/processing_system7_0/inst/FCLK_CLK0 | system_i/axi_interconnect_0/s00_couplers/auto_pc/inst/gen_axilite.gen_b2s_conv.axilite_b2s/RD.ar_channel_0/ar_cmd_fsm_0/sel_first_reg_1[0]                    |                                                                                                                                                       |                3 |              9 |         3.00 |
|  system_i/processing_system7_0/inst/FCLK_CLK0 | system_i/axi_interconnect_0/s00_couplers/auto_pc/inst/gen_axilite.gen_b2s_conv.axilite_b2s/WR.aw_channel_0/cmd_translator_0/incr_cmd_0/axaddr_incr[8]_i_1_n_0 |                                                                                                                                                       |                3 |              9 |         3.00 |
|  system_i/processing_system7_0/inst/FCLK_CLK0 | system_i/axi_timer_0/U0/AXI4_LITE_I/I_SLAVE_ATTACHMENT/I_DECODER/bus2ip_wrce[1]                                                                               | system_i/axi_timer_0/U0/TC_CORE_I/GEN_SECOND_TIMER.COUNTER_1_I/COUNTER_I/ACTIVE_LOW_PR_OUT_DFF[0].FDRE_PER_N                                          |                4 |              9 |         2.25 |
|  system_i/processing_system7_0/inst/FCLK_CLK0 |                                                                                                                                                               | system_i/axi_interconnect_0/s00_couplers/auto_pc/inst/gen_axilite.gen_b2s_conv.axilite_b2s/areset_d1                                                  |                4 |             10 |         2.50 |
|  system_i/processing_system7_0/inst/FCLK_CLK0 |                                                                                                                                                               | system_i/axi_timer_0/U0/AXI4_LITE_I/I_SLAVE_ATTACHMENT/rst                                                                                            |                4 |             11 |         2.75 |
|  system_i/processing_system7_0/inst/FCLK_CLK0 |                                                                                                                                                               | system_i/axi_interconnect_0/xbar/inst/gen_sasd.crossbar_sasd_0/addr_arbiter_inst/SR[0]                                                                |                6 |             12 |         2.00 |
|  system_i/processing_system7_0/inst/FCLK_CLK0 |                                                                                                                                                               | system_i/axi_timer_0/U0/TC_CORE_I/GEN_SECOND_TIMER.COUNTER_1_I/COUNTER_I/ACTIVE_LOW_PR_OUT_DFF[0].FDRE_PER_N                                          |                5 |             12 |         2.40 |
|  system_i/processing_system7_0/inst/FCLK_CLK0 | system_i/axi_interconnect_0/s00_couplers/auto_pc/inst/gen_axilite.gen_b2s_conv.axilite_b2s/RD.r_channel_0/r_push_r                                            |                                                                                                                                                       |                4 |             13 |         3.25 |
|  system_i/processing_system7_0/inst/FCLK_CLK0 | system_i/axi_interconnect_0/s00_couplers/auto_pc/inst/gen_axilite.gen_b2s_conv.axilite_b2s/SI_REG/b.b_pipe/s_ready_i_reg_0                                    |                                                                                                                                                       |                3 |             14 |         4.67 |
|  system_i/processing_system7_0/inst/FCLK_CLK0 | system_i/axi_interconnect_0/s00_couplers/auto_pc/inst/gen_axilite.gen_b2s_conv.axilite_b2s/SI_REG/b.b_pipe/p_1_in                                             |                                                                                                                                                       |                3 |             14 |         4.67 |
|  system_i/processing_system7_0/inst/FCLK_CLK0 | system_i/axi_interconnect_0/s00_couplers/auto_pc/inst/gen_axilite.gen_b2s_conv.axilite_b2s/WR.aw_channel_0/aw_cmd_fsm_0/FSM_sequential_state_reg[0]_0         |                                                                                                                                                       |                3 |             16 |         5.33 |
|  system_i/processing_system7_0/inst/FCLK_CLK0 | system_i/axi_interconnect_0/s00_couplers/auto_pc/inst/gen_axilite.gen_b2s_conv.axilite_b2s/RD.ar_channel_0/ar_cmd_fsm_0/FSM_sequential_state_reg[0]_0         |                                                                                                                                                       |                9 |             18 |         2.00 |
|  system_i/processing_system7_0/inst/FCLK_CLK0 | system_i/axi_interconnect_0/s00_couplers/auto_pc/inst/gen_axilite.gen_b2s_conv.axilite_b2s/WR.aw_channel_0/aw_cmd_fsm_0/m_valid_i_reg_0                       |                                                                                                                                                       |                8 |             20 |         2.50 |
|  system_i/processing_system7_0/inst/FCLK_CLK0 | system_i/axi_gpio_0/U0/AXI_LITE_IPIF_I/I_SLAVE_ATTACHMENT/start2                                                                                              | system_i/axi_gpio_0/U0/AXI_LITE_IPIF_I/I_SLAVE_ATTACHMENT/I_DECODER/cs_ce_clr                                                                         |                4 |             21 |         5.25 |
|  system_i/processing_system7_0/inst/FCLK_CLK0 | system_i/axi_interconnect_0/xbar/inst/gen_sasd.crossbar_sasd_0/addr_arbiter_inst/p_0_in1_in                                                                   | system_i/axi_interconnect_0/xbar/inst/gen_sasd.crossbar_sasd_0/addr_arbiter_inst/SR[0]                                                                |                9 |             23 |         2.56 |
|  system_i/processing_system7_0/inst/FCLK_CLK0 | system_i/axi_timer_0/U0/TC_CORE_I/TIMER_CONTROL_I/CE_0                                                                                                        | system_i/axi_timer_0/U0/TC_CORE_I/GEN_SECOND_TIMER.COUNTER_1_I/COUNTER_I/ACTIVE_LOW_PR_OUT_DFF[0].FDRE_PER_N                                          |               10 |             32 |         3.20 |
|  system_i/processing_system7_0/inst/FCLK_CLK0 | system_i/axi_timer_0/U0/TC_CORE_I/TIMER_CONTROL_I/generateOutPre0_reg_0                                                                                       | system_i/axi_timer_0/U0/TC_CORE_I/GEN_SECOND_TIMER.COUNTER_1_I/COUNTER_I/ACTIVE_LOW_PR_OUT_DFF[0].FDRE_PER_N                                          |                5 |             32 |         6.40 |
|  system_i/processing_system7_0/inst/FCLK_CLK0 | system_i/axi_timer_0/U0/AXI4_LITE_I/I_SLAVE_ATTACHMENT/s_axi_rresp_i                                                                                          | system_i/axi_timer_0/U0/AXI4_LITE_I/I_SLAVE_ATTACHMENT/rst                                                                                            |               32 |             32 |         1.00 |
|  system_i/processing_system7_0/inst/FCLK_CLK0 | system_i/axi_timer_0/U0/TC_CORE_I/TIMER_CONTROL_I/TCSR0_GENERATE[20].TCSR0_FF_I_1                                                                             | system_i/axi_timer_0/U0/TC_CORE_I/GEN_SECOND_TIMER.COUNTER_1_I/COUNTER_I/ACTIVE_LOW_PR_OUT_DFF[0].FDRE_PER_N                                          |                5 |             32 |         6.40 |
|  system_i/processing_system7_0/inst/FCLK_CLK0 | system_i/axi_timer_0/U0/TC_CORE_I/TIMER_CONTROL_I/CE                                                                                                          | system_i/axi_timer_0/U0/TC_CORE_I/GEN_SECOND_TIMER.COUNTER_1_I/COUNTER_I/ACTIVE_LOW_PR_OUT_DFF[0].FDRE_PER_N                                          |               11 |             32 |         2.91 |
|  system_i/processing_system7_0/inst/FCLK_CLK0 | system_i/axi_interconnect_0/xbar/inst/gen_sasd.crossbar_sasd_0/reg_slice_r/aa_rready                                                                          |                                                                                                                                                       |               11 |             33 |         3.00 |
|  system_i/processing_system7_0/inst/FCLK_CLK0 | system_i/axi_interconnect_0/xbar/inst/gen_sasd.crossbar_sasd_0/addr_arbiter_inst/E[0]                                                                         |                                                                                                                                                       |               10 |             34 |         3.40 |
|  system_i/processing_system7_0/inst/FCLK_CLK0 | system_i/axi_interconnect_0/s00_couplers/auto_pc/inst/gen_axilite.gen_b2s_conv.axilite_b2s/RD.r_channel_0/rd_data_fifo_0/wr_en0                               |                                                                                                                                                       |                9 |             34 |         3.78 |
|  system_i/processing_system7_0/inst/FCLK_CLK0 |                                                                                                                                                               | system_i/axi_gpio_0/U0/AXI_LITE_IPIF_I/I_SLAVE_ATTACHMENT/SR[0]                                                                                       |               11 |             40 |         3.64 |
|  system_i/processing_system7_0/inst/FCLK_CLK0 | system_i/axi_interconnect_0/s00_couplers/auto_pc/inst/gen_axilite.gen_b2s_conv.axilite_b2s/SI_REG/ar.ar_pipe/s_ready_i_reg_0                                  |                                                                                                                                                       |               13 |             45 |         3.46 |
|  system_i/processing_system7_0/inst/FCLK_CLK0 | system_i/axi_interconnect_0/s00_couplers/auto_pc/inst/gen_axilite.gen_b2s_conv.axilite_b2s/RD.ar_channel_0/ar_cmd_fsm_0/m_valid_i_reg[0]                      |                                                                                                                                                       |                9 |             45 |         5.00 |
|  system_i/processing_system7_0/inst/FCLK_CLK0 | system_i/axi_interconnect_0/s00_couplers/auto_pc/inst/gen_axilite.gen_b2s_conv.axilite_b2s/SI_REG/aw.aw_pipe/s_ready_i_reg_0                                  |                                                                                                                                                       |                9 |             45 |         5.00 |
|  system_i/processing_system7_0/inst/FCLK_CLK0 | system_i/axi_interconnect_0/s00_couplers/auto_pc/inst/gen_axilite.gen_b2s_conv.axilite_b2s/WR.aw_channel_0/aw_cmd_fsm_0/E[0]                                  |                                                                                                                                                       |                9 |             45 |         5.00 |
|  system_i/processing_system7_0/inst/FCLK_CLK0 | system_i/axi_interconnect_0/s00_couplers/auto_pc/inst/gen_axilite.gen_b2s_conv.axilite_b2s/SI_REG/r.r_pipe/s_ready_i_reg_0                                    |                                                                                                                                                       |               10 |             47 |         4.70 |
|  system_i/processing_system7_0/inst/FCLK_CLK0 | system_i/axi_interconnect_0/s00_couplers/auto_pc/inst/gen_axilite.gen_b2s_conv.axilite_b2s/SI_REG/r.r_pipe/p_1_in                                             |                                                                                                                                                       |                8 |             47 |         5.88 |
|  system_i/processing_system7_0/inst/FCLK_CLK0 |                                                                                                                                                               |                                                                                                                                                       |               56 |            154 |         2.75 |
+-----------------------------------------------+---------------------------------------------------------------------------------------------------------------------------------------------------------------+-------------------------------------------------------------------------------------------------------------------------------------------------------+------------------+----------------+--------------+


