21:53:14 INFO  : Launching XSCT server: xsct -n  -interactive /home/nick/ECEC402/workspace/temp_xsdb_launch_script.tcl
21:53:17 INFO  : Registering command handlers for Vitis TCF services
21:53:23 INFO  : Platform repository initialization has completed.
21:53:25 INFO  : XSCT server has started successfully.
21:53:32 INFO  : Successfully done setting XSCT server connection channel  
21:53:32 INFO  : plnx-install-location is set to ''
21:53:32 INFO  : Successfully done query RDI_DATADIR 
21:53:32 INFO  : Successfully done setting workspace for the tool. 
21:54:48 INFO  : Result from executing command 'getProjects': system_wrapper
21:54:48 INFO  : Result from executing command 'getPlatforms': 
21:54:48 WARN  : An unexpected exception occurred in the module 'platform project logging'
21:54:48 INFO  : Platform 'system_wrapper' is added to custom repositories.
21:54:55 INFO  : Platform 'system_wrapper' is added to custom repositories.
22:01:21 INFO  : Result from executing command 'getProjects': system_wrapper
22:01:21 INFO  : Result from executing command 'getPlatforms': system_wrapper|/home/nick/ECEC402/workspace/system_wrapper/export/system_wrapper/system_wrapper.xpfm
22:01:25 INFO  : Checking for BSP changes to sync application flags for project 'TestApp'...
23:30:57 INFO  : Launching XSCT server: xsct -n  -interactive /home/nick/ECEC402/workspace/temp_xsdb_launch_script.tcl
23:31:00 INFO  : XSCT server has started successfully.
23:31:01 INFO  : Successfully done setting XSCT server connection channel  
23:31:01 INFO  : plnx-install-location is set to ''
23:31:01 INFO  : Successfully done setting workspace for the tool. 
23:31:01 INFO  : Platform repository initialization has completed.
23:31:01 INFO  : Successfully done query RDI_DATADIR 
23:31:01 INFO  : Registering command handlers for Vitis TCF services
23:31:55 INFO  : Connected to target on host '127.0.0.1' and port '3121'.
23:31:55 INFO  : Jtag cable 'Digilent Zybo Z7 210351AB7358A' is selected.
23:31:55 INFO  : 'jtag frequency' command is executed.
23:31:55 INFO  : Context for 'APU' is selected.
23:31:55 INFO  : System reset is completed.
23:31:58 INFO  : 'after 3000' command is executed.
23:31:58 INFO  : 'targets -set -filter {jtag_cable_name =~ "Digilent Zybo Z7 210351AB7358A" && level==0 && jtag_device_ctx=="jsn-Zybo Z7-210351AB7358A-13722093-0"}' command is executed.
23:31:59 INFO  : Device configured successfully with "/home/nick/ECEC402/workspace/TestApp/_ide/bitstream/system_wrapper.bit"
23:31:59 INFO  : Context for 'APU' is selected.
23:31:59 INFO  : Hardware design and registers information is loaded from '/home/nick/ECEC402/workspace/system_wrapper/export/system_wrapper/hw/system_wrapper.xsa'.
23:32:00 INFO  : 'configparams force-mem-access 1' command is executed.
23:32:00 INFO  : Context for 'APU' is selected.
23:32:00 INFO  : Sourcing of '/home/nick/ECEC402/workspace/TestApp/_ide/psinit/ps7_init.tcl' is done.
23:32:00 INFO  : 'ps7_init' command is executed.
23:32:00 INFO  : 'ps7_post_config' command is executed.
23:32:00 INFO  : Context for processor 'ps7_cortexa9_0' is selected.
23:32:00 INFO  : The application '/home/nick/ECEC402/workspace/TestApp/Debug/TestApp.elf' is downloaded to processor 'ps7_cortexa9_0'.
23:32:00 INFO  : 'configparams force-mem-access 0' command is executed.
23:32:00 INFO  : ----------------XSDB Script----------------
connect -url tcp:127.0.0.1:3121
targets -set -nocase -filter {name =~"APU*"}
rst -system
after 3000
targets -set -filter {jtag_cable_name =~ "Digilent Zybo Z7 210351AB7358A" && level==0 && jtag_device_ctx=="jsn-Zybo Z7-210351AB7358A-13722093-0"}
fpga -file /home/nick/ECEC402/workspace/TestApp/_ide/bitstream/system_wrapper.bit
targets -set -nocase -filter {name =~"APU*"}
loadhw -hw /home/nick/ECEC402/workspace/system_wrapper/export/system_wrapper/hw/system_wrapper.xsa -mem-ranges [list {0x40000000 0xbfffffff}] -regs
configparams force-mem-access 1
targets -set -nocase -filter {name =~"APU*"}
source /home/nick/ECEC402/workspace/TestApp/_ide/psinit/ps7_init.tcl
ps7_init
ps7_post_config
targets -set -nocase -filter {name =~ "*A9*#0"}
dow /home/nick/ECEC402/workspace/TestApp/Debug/TestApp.elf
configparams force-mem-access 0
----------------End of Script----------------

23:32:00 INFO  : Context for processor 'ps7_cortexa9_0' is selected.
23:32:00 INFO  : 'con' command is executed.
23:32:00 INFO  : ----------------XSDB Script (After Launch)----------------
targets -set -nocase -filter {name =~ "*A9*#0"}
con
----------------End of Script----------------

23:32:00 INFO  : Disconnected from the channel tcfchan#1.
23:32:19 INFO  : Connected to target on host '127.0.0.1' and port '3121'.
23:32:19 INFO  : Jtag cable 'Digilent Zybo Z7 210351AB7358A' is selected.
23:32:19 INFO  : 'jtag frequency' command is executed.
23:32:19 INFO  : Context for 'APU' is selected.
23:32:19 INFO  : System reset is completed.
23:32:22 INFO  : 'after 3000' command is executed.
23:32:22 INFO  : 'targets -set -filter {jtag_cable_name =~ "Digilent Zybo Z7 210351AB7358A" && level==0 && jtag_device_ctx=="jsn-Zybo Z7-210351AB7358A-13722093-0"}' command is executed.
23:32:23 INFO  : Device configured successfully with "/home/nick/ECEC402/workspace/TestApp/_ide/bitstream/system_wrapper.bit"
23:32:23 INFO  : Context for 'APU' is selected.
23:32:24 INFO  : Hardware design and registers information is loaded from '/home/nick/ECEC402/workspace/system_wrapper/export/system_wrapper/hw/system_wrapper.xsa'.
23:32:24 INFO  : 'configparams force-mem-access 1' command is executed.
23:32:24 INFO  : Context for 'APU' is selected.
23:32:24 INFO  : Sourcing of '/home/nick/ECEC402/workspace/TestApp/_ide/psinit/ps7_init.tcl' is done.
23:32:25 INFO  : 'ps7_init' command is executed.
23:32:25 INFO  : 'ps7_post_config' command is executed.
23:32:25 INFO  : Context for processor 'ps7_cortexa9_0' is selected.
23:32:25 INFO  : The application '/home/nick/ECEC402/workspace/TestApp/Debug/TestApp.elf' is downloaded to processor 'ps7_cortexa9_0'.
23:32:25 INFO  : 'configparams force-mem-access 0' command is executed.
23:32:25 INFO  : ----------------XSDB Script----------------
connect -url tcp:127.0.0.1:3121
targets -set -nocase -filter {name =~"APU*"}
rst -system
after 3000
targets -set -filter {jtag_cable_name =~ "Digilent Zybo Z7 210351AB7358A" && level==0 && jtag_device_ctx=="jsn-Zybo Z7-210351AB7358A-13722093-0"}
fpga -file /home/nick/ECEC402/workspace/TestApp/_ide/bitstream/system_wrapper.bit
targets -set -nocase -filter {name =~"APU*"}
loadhw -hw /home/nick/ECEC402/workspace/system_wrapper/export/system_wrapper/hw/system_wrapper.xsa -mem-ranges [list {0x40000000 0xbfffffff}] -regs
configparams force-mem-access 1
targets -set -nocase -filter {name =~"APU*"}
source /home/nick/ECEC402/workspace/TestApp/_ide/psinit/ps7_init.tcl
ps7_init
ps7_post_config
targets -set -nocase -filter {name =~ "*A9*#0"}
dow /home/nick/ECEC402/workspace/TestApp/Debug/TestApp.elf
configparams force-mem-access 0
----------------End of Script----------------

23:32:25 INFO  : Context for processor 'ps7_cortexa9_0' is selected.
23:32:25 INFO  : 'con' command is executed.
23:32:25 INFO  : ----------------XSDB Script (After Launch)----------------
targets -set -nocase -filter {name =~ "*A9*#0"}
con
----------------End of Script----------------

23:32:25 INFO  : Disconnected from the channel tcfchan#2.
15:16:51 INFO  : Launching XSCT server: xsct -n  -interactive /home/nick/ECEC402/workspace/temp_xsdb_launch_script.tcl
15:16:54 INFO  : XSCT server has started successfully.
15:16:54 INFO  : plnx-install-location is set to ''
15:16:54 INFO  : Successfully done setting XSCT server connection channel  
15:16:54 INFO  : Successfully done setting workspace for the tool. 
15:16:54 INFO  : Platform repository initialization has completed.
15:16:54 INFO  : Successfully done query RDI_DATADIR 
15:16:54 INFO  : Registering command handlers for Vitis TCF services
15:19:47 INFO  : Connected to target on host '192.168.1.176' and port '3121'.
15:20:09 INFO  : Connected to target on host '192.168.1.176' and port '3121'.
15:20:09 INFO  : 'targets -set -filter {jtag_cable_name =~ "Digilent Zybo Z7 210351AB7358A" && level==0 && jtag_device_ctx=="jsn-Zybo Z7-210351AB7358A-13722093-0"}' command is executed.
15:20:10 INFO  : Device configured successfully with "/home/nick/ECEC402/workspace/TestApp/_ide/bitstream/system_wrapper.bit"
15:20:24 INFO  : Connected to target on host '127.0.0.1' and port '3121'.
15:20:42 INFO  : ----------------XSDB Script----------------
connect -url tcp:127.0.0.1:3121
----------------End of Script----------------

15:20:42 ERROR : Could not find ARM device on the board for connection 'Local'.
Check if the target is in:
1. Split JTAG - No operations are possible with ARM DAP.
2. Non JTAG bootmode - Bootrom may need time to enable DAP.
Please try again.


Troubleshooting hints:
1. Check whether board is connected to system properly.
2. In case of zynq board, check whether Digilent/Xilinx cable switch settings are correct.
3. If you are using Xilinx Platform Cable USB, ensure that status LED is green.
15:21:08 INFO  : Connected to target on host '192.168.1.176' and port '3121'.
15:21:14 INFO  : Connected to target on host '192.168.1.176' and port '3121'.
15:21:18 INFO  : Connected to target on host '192.168.1.176' and port '3121'.
15:21:18 INFO  : 'targets -set -filter {jtag_cable_name =~ "Digilent Zybo Z7 210351AB7358A" && level==0 && jtag_device_ctx=="jsn-Zybo Z7-210351AB7358A-13722093-0"}' command is executed.
15:21:19 INFO  : Device configured successfully with "/home/nick/ECEC402/workspace/TestApp/_ide/bitstream/system_wrapper.bit"
15:21:31 INFO  : Result from executing command 'getProjects': system_wrapper
15:21:31 INFO  : Result from executing command 'getPlatforms': system_wrapper|/home/nick/ECEC402/workspace/system_wrapper/export/system_wrapper/system_wrapper.xpfm
15:21:34 INFO  : Checking for BSP changes to sync application flags for project 'TestApp'...
15:22:22 INFO  : Connected to target on host '127.0.0.1' and port '3121'.
15:22:40 INFO  : ----------------XSDB Script----------------
connect -url tcp:127.0.0.1:3121
----------------End of Script----------------

15:22:40 ERROR : Could not find ARM device on the board for connection 'Local'.
Check if the target is in:
1. Split JTAG - No operations are possible with ARM DAP.
2. Non JTAG bootmode - Bootrom may need time to enable DAP.
Please try again.


Troubleshooting hints:
1. Check whether board is connected to system properly.
2. In case of zynq board, check whether Digilent/Xilinx cable switch settings are correct.
3. If you are using Xilinx Platform Cable USB, ensure that status LED is green.
15:48:12 INFO  : Connected to target on host '127.0.0.1' and port '3121'.
15:48:30 INFO  : ----------------XSDB Script----------------
connect -url tcp:127.0.0.1:3121
----------------End of Script----------------

15:48:30 ERROR : Could not find ARM device on the board for connection 'Local'.
Check if the target is in:
1. Split JTAG - No operations are possible with ARM DAP.
2. Non JTAG bootmode - Bootrom may need time to enable DAP.
Please try again.


Troubleshooting hints:
1. Check whether board is connected to system properly.
2. In case of zynq board, check whether Digilent/Xilinx cable switch settings are correct.
3. If you are using Xilinx Platform Cable USB, ensure that status LED is green.
15:48:35 INFO  : Connected to target on host '127.0.0.1' and port '3121'.
15:48:53 INFO  : ----------------XSDB Script----------------
connect -url tcp:127.0.0.1:3121
----------------End of Script----------------

15:48:53 ERROR : Could not find ARM device on the board for connection 'Local'.
Check if the target is in:
1. Split JTAG - No operations are possible with ARM DAP.
2. Non JTAG bootmode - Bootrom may need time to enable DAP.
Please try again.


Troubleshooting hints:
1. Check whether board is connected to system properly.
2. In case of zynq board, check whether Digilent/Xilinx cable switch settings are correct.
3. If you are using Xilinx Platform Cable USB, ensure that status LED is green.
15:50:27 INFO  : Connected to target on host '127.0.0.1' and port '3121'.
15:50:45 INFO  : ----------------XSDB Script----------------
connect -url tcp:127.0.0.1:3121
----------------End of Script----------------

15:50:45 ERROR : Could not find ARM device on the board for connection 'Local'.
Check if the target is in:
1. Split JTAG - No operations are possible with ARM DAP.
2. Non JTAG bootmode - Bootrom may need time to enable DAP.
Please try again.


Troubleshooting hints:
1. Check whether board is connected to system properly.
2. In case of zynq board, check whether Digilent/Xilinx cable switch settings are correct.
3. If you are using Xilinx Platform Cable USB, ensure that status LED is green.
15:51:15 INFO  : Connected through redirection to target on host '192.168.1.176' and port '3121'.
15:51:15 INFO  : Jtag cable 'Digilent Zybo Z7 210351AB7358A' is selected.
15:51:15 INFO  : 'jtag frequency' command is executed.
15:51:15 INFO  : Context for 'APU' is selected.
15:51:15 INFO  : System reset is completed.
15:51:18 INFO  : 'after 3000' command is executed.
15:51:18 INFO  : 'targets -set -filter {jtag_cable_name =~ "Digilent Zybo Z7 210351AB7358A" && level==0 && jtag_device_ctx=="jsn-Zybo Z7-210351AB7358A-13722093-0"}' command is executed.
15:51:19 INFO  : Device configured successfully with "/home/nick/ECEC402/workspace/TestApp/_ide/bitstream/system_wrapper.bit"
15:51:19 INFO  : Context for 'APU' is selected.
15:51:20 INFO  : Hardware design and registers information is loaded from '/home/nick/ECEC402/workspace/system_wrapper/export/system_wrapper/hw/system_wrapper.xsa'.
15:51:20 INFO  : 'configparams force-mem-access 1' command is executed.
15:51:20 INFO  : Context for 'APU' is selected.
15:51:20 INFO  : Sourcing of '/home/nick/ECEC402/workspace/TestApp/_ide/psinit/ps7_init.tcl' is done.
15:51:21 INFO  : 'ps7_init' command is executed.
15:51:21 INFO  : 'ps7_post_config' command is executed.
15:51:21 INFO  : Context for processor 'ps7_cortexa9_0' is selected.
15:51:21 INFO  : The application '/home/nick/ECEC402/workspace/TestApp/Debug/TestApp.elf' is downloaded to processor 'ps7_cortexa9_0'.
15:51:21 INFO  : 'configparams force-mem-access 0' command is executed.
15:51:21 INFO  : ----------------XSDB Script----------------
connect -path [list tcp::1534 tcp:192.168.1.176:3121]
targets -set -nocase -filter {name =~"APU*"}
rst -system
after 3000
targets -set -filter {jtag_cable_name =~ "Digilent Zybo Z7 210351AB7358A" && level==0 && jtag_device_ctx=="jsn-Zybo Z7-210351AB7358A-13722093-0"}
fpga -file /home/nick/ECEC402/workspace/TestApp/_ide/bitstream/system_wrapper.bit
targets -set -nocase -filter {name =~"APU*"}
loadhw -hw /home/nick/ECEC402/workspace/system_wrapper/export/system_wrapper/hw/system_wrapper.xsa -mem-ranges [list {0x40000000 0xbfffffff}] -regs
configparams force-mem-access 1
targets -set -nocase -filter {name =~"APU*"}
source /home/nick/ECEC402/workspace/TestApp/_ide/psinit/ps7_init.tcl
ps7_init
ps7_post_config
targets -set -nocase -filter {name =~ "*A9*#0"}
dow /home/nick/ECEC402/workspace/TestApp/Debug/TestApp.elf
configparams force-mem-access 0
----------------End of Script----------------

15:51:21 INFO  : Context for processor 'ps7_cortexa9_0' is selected.
15:51:21 INFO  : 'con' command is executed.
15:51:21 INFO  : ----------------XSDB Script (After Launch)----------------
targets -set -nocase -filter {name =~ "*A9*#0"}
con
----------------End of Script----------------

15:51:21 INFO  : Disconnected from the channel tcfchan#5.
15:54:13 INFO  : Checking for BSP changes to sync application flags for project 'TestApp'...
15:54:29 INFO  : Connected to target on host '127.0.0.1' and port '3121'.
15:54:47 INFO  : ----------------XSDB Script----------------
connect -url tcp:127.0.0.1:3121
----------------End of Script----------------

15:54:47 ERROR : Could not find ARM device on the board for connection 'Local'.
Check if the target is in:
1. Split JTAG - No operations are possible with ARM DAP.
2. Non JTAG bootmode - Bootrom may need time to enable DAP.
Please try again.


Troubleshooting hints:
1. Check whether board is connected to system properly.
2. In case of zynq board, check whether Digilent/Xilinx cable switch settings are correct.
3. If you are using Xilinx Platform Cable USB, ensure that status LED is green.
15:55:12 INFO  : Checking for BSP changes to sync application flags for project 'TestApp'...
15:55:24 INFO  : Connected to target on host '127.0.0.1' and port '3121'.
15:55:42 INFO  : ----------------XSDB Script----------------
connect -url tcp:127.0.0.1:3121
----------------End of Script----------------

15:55:42 ERROR : Could not find ARM device on the board for connection 'Local'.
Check if the target is in:
1. Split JTAG - No operations are possible with ARM DAP.
2. Non JTAG bootmode - Bootrom may need time to enable DAP.
Please try again.


Troubleshooting hints:
1. Check whether board is connected to system properly.
2. In case of zynq board, check whether Digilent/Xilinx cable switch settings are correct.
3. If you are using Xilinx Platform Cable USB, ensure that status LED is green.
15:57:04 INFO  : Result from executing command 'getProjects': system_wrapper
15:57:04 INFO  : Result from executing command 'getPlatforms': system_wrapper|/home/nick/ECEC402/workspace/system_wrapper/export/system_wrapper/system_wrapper.xpfm
15:57:07 INFO  : Checking for BSP changes to sync application flags for project 'TestApp'...
15:57:44 INFO  : Checking for BSP changes to sync application flags for project 'TestApp'...
15:57:52 INFO  : Checking for BSP changes to sync application flags for project 'TestApp'...
15:58:09 INFO  : Connected through redirection to target on host '192.168.1.176' and port '3121'.
15:58:09 INFO  : Jtag cable 'Digilent Zybo Z7 210351AB7358A' is selected.
15:58:09 INFO  : 'jtag frequency' command is executed.
15:58:09 INFO  : Context for 'APU' is selected.
15:58:09 INFO  : System reset is completed.
15:58:12 INFO  : 'after 3000' command is executed.
15:58:12 INFO  : 'targets -set -filter {jtag_cable_name =~ "Digilent Zybo Z7 210351AB7358A" && level==0 && jtag_device_ctx=="jsn-Zybo Z7-210351AB7358A-13722093-0"}' command is executed.
15:58:14 INFO  : Device configured successfully with "/home/nick/ECEC402/workspace/TestApp/_ide/bitstream/system_wrapper.bit"
15:58:14 INFO  : Context for 'APU' is selected.
15:58:14 INFO  : Hardware design and registers information is loaded from '/home/nick/ECEC402/workspace/system_wrapper/export/system_wrapper/hw/system_wrapper.xsa'.
15:58:14 INFO  : 'configparams force-mem-access 1' command is executed.
15:58:14 INFO  : Context for 'APU' is selected.
15:58:14 INFO  : Sourcing of '/home/nick/ECEC402/workspace/TestApp/_ide/psinit/ps7_init.tcl' is done.
15:58:15 INFO  : 'ps7_init' command is executed.
15:58:15 INFO  : 'ps7_post_config' command is executed.
15:58:15 INFO  : Context for processor 'ps7_cortexa9_0' is selected.
15:58:16 INFO  : The application '/home/nick/ECEC402/workspace/TestApp/Debug/TestApp.elf' is downloaded to processor 'ps7_cortexa9_0'.
15:58:16 INFO  : 'configparams force-mem-access 0' command is executed.
15:58:16 INFO  : ----------------XSDB Script----------------
connect -path [list tcp::1534 tcp:192.168.1.176:3121]
targets -set -nocase -filter {name =~"APU*"}
rst -system
after 3000
targets -set -filter {jtag_cable_name =~ "Digilent Zybo Z7 210351AB7358A" && level==0 && jtag_device_ctx=="jsn-Zybo Z7-210351AB7358A-13722093-0"}
fpga -file /home/nick/ECEC402/workspace/TestApp/_ide/bitstream/system_wrapper.bit
targets -set -nocase -filter {name =~"APU*"}
loadhw -hw /home/nick/ECEC402/workspace/system_wrapper/export/system_wrapper/hw/system_wrapper.xsa -mem-ranges [list {0x40000000 0xbfffffff}] -regs
configparams force-mem-access 1
targets -set -nocase -filter {name =~"APU*"}
source /home/nick/ECEC402/workspace/TestApp/_ide/psinit/ps7_init.tcl
ps7_init
ps7_post_config
targets -set -nocase -filter {name =~ "*A9*#0"}
dow /home/nick/ECEC402/workspace/TestApp/Debug/TestApp.elf
configparams force-mem-access 0
----------------End of Script----------------

15:58:16 INFO  : Context for processor 'ps7_cortexa9_0' is selected.
15:58:16 INFO  : 'con' command is executed.
15:58:16 INFO  : ----------------XSDB Script (After Launch)----------------
targets -set -nocase -filter {name =~ "*A9*#0"}
con
----------------End of Script----------------

15:58:16 INFO  : Disconnected from the channel tcfchan#11.
